2023-08-18T21:32:53: PM2 log: ===============================================================================
2023-08-18T21:32:53: PM2 log: --- New PM2 Daemon started ----------------------------------------------------
2023-08-18T21:32:53: PM2 log: Time                 : Fri Aug 18 2023 21:32:53 GMT+0100 (British Summer Time)
2023-08-18T21:32:53: PM2 log: PM2 version          : 5.3.0
2023-08-18T21:32:53: PM2 log: Node.js version      : 20.4.0
2023-08-18T21:32:53: PM2 log: Current arch         : x64
2023-08-18T21:32:53: PM2 log: PM2 home             : y
2023-08-18T21:32:53: PM2 log: PM2 PID file         : C:\Users\edwar\OneDrive\Desktop\Feather\y\pm2.pid
2023-08-18T21:32:53: PM2 log: RPC socket file      : \\.\pipe\rpc.sock
2023-08-18T21:32:53: PM2 log: BUS socket file      : \\.\pipe\pub.sock
2023-08-18T21:32:53: PM2 log: Application log path : C:\Users\edwar\OneDrive\Desktop\Feather\y\logs
2023-08-18T21:32:53: PM2 log: Worker Interval      : 30000
2023-08-18T21:32:53: PM2 log: Process dump file    : C:\Users\edwar\OneDrive\Desktop\Feather\y\dump.pm2
2023-08-18T21:32:53: PM2 log: Concurrent actions   : 2
2023-08-18T21:32:53: PM2 log: SIGTERM timeout      : 1600
2023-08-18T21:32:53: PM2 log: ===============================================================================
2023-08-18T21:32:53: PM2 log: App [index:0] starting in -fork mode-
2023-08-18T21:32:53: PM2 log: App [index:0] online
2023-08-18T21:44:26: PM2 log: App [index:0] exited with code [0] via signal [SIGINT]
2023-08-18T21:44:26: PM2 log: App [index:0] starting in -fork mode-
2023-08-18T21:44:26: PM2 log: App [index:0] online
2023-08-18T21:46:28: PM2 log: App [index:0] exited with code [0] via signal [SIGINT]
2023-08-18T21:46:28: PM2 log: App [index:0] starting in -fork mode-
2023-08-18T21:46:28: PM2 log: App [index:0] online
2023-08-18T21:48:50: PM2 log: App [index:0] exited with code [0] via signal [SIGINT]
2023-08-18T21:48:50: PM2 log: App [index:0] starting in -fork mode-
2023-08-18T21:48:50: PM2 log: App [index:0] online
2023-08-18T21:50:28: PM2 log: App [index:0] exited with code [0] via signal [SIGINT]
2023-08-18T21:50:28: PM2 log: App [index:0] starting in -fork mode-
2023-08-18T21:50:28: PM2 log: App [index:0] online
2023-08-18T21:54:01: PM2 log: App [index:0] exited with code [0] via signal [SIGINT]
2023-08-18T21:54:01: PM2 log: App [index:0] starting in -fork mode-
2023-08-18T21:54:01: PM2 log: App [index:0] online
2023-08-18T21:54:15: PM2 log: App [index:0] exited with code [0] via signal [SIGINT]
2023-08-18T21:54:15: PM2 log: App [index:0] starting in -fork mode-
2023-08-18T21:54:15: PM2 log: App [index:0] online
2023-08-18T21:54:58: PM2 log: App [index:0] exited with code [0] via signal [SIGINT]
2023-08-18T21:54:58: PM2 log: App [index:0] starting in -fork mode-
2023-08-18T21:54:58: PM2 log: App [index:0] online
2023-08-18T21:55:44: PM2 log: App [index:0] exited with code [0] via signal [SIGINT]
2023-08-18T21:55:44: PM2 log: App [index:0] starting in -fork mode-
2023-08-18T21:55:44: PM2 log: App [index:0] online
2023-08-18T21:56:58: PM2 log: App [index:0] exited with code [0] via signal [SIGINT]
2023-08-18T21:56:58: PM2 log: App [index:0] starting in -fork mode-
2023-08-18T21:56:58: PM2 log: App [index:0] online
2023-08-18T23:51:37: PM2 log: App [bot:1] starting in -fork mode-
2023-08-18T23:51:37: PM2 log: App [bot:1] online
2023-08-18T23:51:44: PM2 log: Stopping app:index id:0
2023-08-18T23:51:44: PM2 log: Stopping app:bot id:1
2023-08-18T23:51:44: PM2 log: App [index:0] exited with code [1] via signal [SIGINT]
2023-08-18T23:51:44: PM2 log: App [bot:1] exited with code [1] via signal [SIGINT]
2023-08-18T23:51:44: PM2 log: pid=10016 msg=process killed
2023-08-18T23:51:44: PM2 log: pid=5228 msg=process killed
2023-08-18T23:51:44: PM2 log: PM2 successfully stopped
